2015-07-17 12:04:22: -- Analysis Started by User
2015-07-17 12:04:22: 左侧: State file does not exist: /Library/WebServer/Documents/WetBizSDK_JS/sdk/_gsdata_/_file_state_v4._gs
2015-07-17 12:04:22: 右侧: State file does not exist: /Library/WebServer/Documents/jdWX/ftml-www/js/wetbizsdk/_gsdata_/_file_state_v4._gs
2015-07-17 12:04:22: 变更：44， 冲突：0， 复制时间：0， 复制状态：0/0， 错误： 0, All: 44
2015-07-17 12:04:22: Left to Right: Copy File: 44 
2015-07-17 12:04:22: ----- ：分析已结束。 历时 00:00:00， 速度： Many 个文件/秒 -----
2015-07-17 12:04:22: 
2015-07-17 12:04:24: New _gsdata_ folder(s) created, so rescan all job folders for their ghosts
2015-07-17 12:04:24: == Sync Started by User
2015-07-17 12:04:24: 创建文件夹 '/Library/WebServer/Documents/jdWX/ftml-www/js/wetbizsdk/Biz'
2015-07-17 12:04:24: 创建文件夹 '/Library/WebServer/Documents/jdWX/ftml-www/js/wetbizsdk/modal'
2015-07-17 12:04:24: 创建文件夹 '/Library/WebServer/Documents/jdWX/ftml-www/js/wetbizsdk/websocket'
2015-07-17 12:04:24: 新建复制 '/Library/WebServer/Documents/WetBizSDK_JS/sdk/Biz/BizCERInfo.js' -> '/Library/WebServer/Documents/jdWX/ftml-www/js/wetbizsdk/Biz/BizCERInfo.js'
2015-07-17 12:04:24: 新建复制 '/Library/WebServer/Documents/WetBizSDK_JS/sdk/Biz/BizCloseBill.js' -> '/Library/WebServer/Documents/jdWX/ftml-www/js/wetbizsdk/Biz/BizCloseBill.js'
2015-07-17 12:04:24: 新建复制 '/Library/WebServer/Documents/WetBizSDK_JS/sdk/Biz/BizHoldBill.js' -> '/Library/WebServer/Documents/jdWX/ftml-www/js/wetbizsdk/Biz/BizHoldBill.js'
2015-07-17 12:04:24: 新建复制 '/Library/WebServer/Documents/WetBizSDK_JS/sdk/Biz/BizHoldPosition.js' -> '/Library/WebServer/Documents/jdWX/ftml-www/js/wetbizsdk/Biz/BizHoldPosition.js'
2015-07-17 12:04:24: 新建复制 '/Library/WebServer/Documents/WetBizSDK_JS/sdk/Biz/BizLimitBill.js' -> '/Library/WebServer/Documents/jdWX/ftml-www/js/wetbizsdk/Biz/BizLimitBill.js'
2015-07-17 12:04:24: 新建复制 '/Library/WebServer/Documents/WetBizSDK_JS/sdk/Biz/BizLogin.js' -> '/Library/WebServer/Documents/jdWX/ftml-www/js/wetbizsdk/Biz/BizLogin.js'
2015-07-17 12:04:24: 新建复制 '/Library/WebServer/Documents/WetBizSDK_JS/sdk/Biz/BizOrder.js' -> '/Library/WebServer/Documents/jdWX/ftml-www/js/wetbizsdk/Biz/BizOrder.js'
2015-07-17 12:04:24: 新建复制 '/Library/WebServer/Documents/WetBizSDK_JS/sdk/Biz/BizPayPort.js' -> '/Library/WebServer/Documents/jdWX/ftml-www/js/wetbizsdk/Biz/BizPayPort.js'
2015-07-17 12:04:24: 新建复制 '/Library/WebServer/Documents/WetBizSDK_JS/sdk/Biz/BizRegister.js' -> '/Library/WebServer/Documents/jdWX/ftml-www/js/wetbizsdk/Biz/BizRegister.js'
2015-07-17 12:04:24: 新建复制 '/Library/WebServer/Documents/WetBizSDK_JS/sdk/Biz/BizSymbolInfo.js' -> '/Library/WebServer/Documents/jdWX/ftml-www/js/wetbizsdk/Biz/BizSymbolInfo.js'
2015-07-17 12:04:24: 新建复制 '/Library/WebServer/Documents/WetBizSDK_JS/sdk/Biz/BizTest.js' -> '/Library/WebServer/Documents/jdWX/ftml-www/js/wetbizsdk/Biz/BizTest.js'
2015-07-17 12:04:24: 新建复制 '/Library/WebServer/Documents/WetBizSDK_JS/sdk/Biz/BizUserAccount.js' -> '/Library/WebServer/Documents/jdWX/ftml-www/js/wetbizsdk/Biz/BizUserAccount.js'
2015-07-17 12:04:24: 新建复制 '/Library/WebServer/Documents/WetBizSDK_JS/sdk/Biz/IBiz.js' -> '/Library/WebServer/Documents/jdWX/ftml-www/js/wetbizsdk/Biz/IBiz.js'
2015-07-17 12:04:24: 新建复制 '/Library/WebServer/Documents/WetBizSDK_JS/sdk/encrypt.js' -> '/Library/WebServer/Documents/jdWX/ftml-www/js/wetbizsdk/encrypt.js'
2015-07-17 12:04:24: 新建复制 '/Library/WebServer/Documents/WetBizSDK_JS/sdk/modal/ModalManager.js' -> '/Library/WebServer/Documents/jdWX/ftml-www/js/wetbizsdk/modal/ModalManager.js'
2015-07-17 12:04:24: 新建复制 '/Library/WebServer/Documents/WetBizSDK_JS/sdk/modal/modAmountInOut.js' -> '/Library/WebServer/Documents/jdWX/ftml-www/js/wetbizsdk/modal/modAmountInOut.js'
2015-07-17 12:04:24: 新建复制 '/Library/WebServer/Documents/WetBizSDK_JS/sdk/modal/modBase.js' -> '/Library/WebServer/Documents/jdWX/ftml-www/js/wetbizsdk/modal/modBase.js'
2015-07-17 12:04:24: 新建复制 '/Library/WebServer/Documents/WetBizSDK_JS/sdk/modal/modBulletin.js' -> '/Library/WebServer/Documents/jdWX/ftml-www/js/wetbizsdk/modal/modBulletin.js'
2015-07-17 12:04:24: 新建复制 '/Library/WebServer/Documents/WetBizSDK_JS/sdk/modal/modCERInfo.js' -> '/Library/WebServer/Documents/jdWX/ftml-www/js/wetbizsdk/modal/modCERInfo.js'
2015-07-17 12:04:24: 新建复制 '/Library/WebServer/Documents/WetBizSDK_JS/sdk/modal/modCloseBill.js' -> '/Library/WebServer/Documents/jdWX/ftml-www/js/wetbizsdk/modal/modCloseBill.js'
2015-07-17 12:04:24: 新建复制 '/Library/WebServer/Documents/WetBizSDK_JS/sdk/modal/modDWList.js' -> '/Library/WebServer/Documents/jdWX/ftml-www/js/wetbizsdk/modal/modDWList.js'
2015-07-17 12:04:24: 新建复制 '/Library/WebServer/Documents/WetBizSDK_JS/sdk/modal/modHisQuoted.js' -> '/Library/WebServer/Documents/jdWX/ftml-www/js/wetbizsdk/modal/modHisQuoted.js'
2015-07-17 12:04:24: 新建复制 '/Library/WebServer/Documents/WetBizSDK_JS/sdk/modal/modHoldBill.js' -> '/Library/WebServer/Documents/jdWX/ftml-www/js/wetbizsdk/modal/modHoldBill.js'
2015-07-17 12:04:24: 新建复制 '/Library/WebServer/Documents/WetBizSDK_JS/sdk/modal/modHoldPosition.js' -> '/Library/WebServer/Documents/jdWX/ftml-www/js/wetbizsdk/modal/modHoldPosition.js'
2015-07-17 12:04:24: 新建复制 '/Library/WebServer/Documents/WetBizSDK_JS/sdk/modal/modHostInfo.js' -> '/Library/WebServer/Documents/jdWX/ftml-www/js/wetbizsdk/modal/modHostInfo.js'
2015-07-17 12:04:24: 新建复制 '/Library/WebServer/Documents/WetBizSDK_JS/sdk/modal/modLimitBill.js' -> '/Library/WebServer/Documents/jdWX/ftml-www/js/wetbizsdk/modal/modLimitBill.js'
2015-07-17 12:04:24: 新建复制 '/Library/WebServer/Documents/WetBizSDK_JS/sdk/modal/modLoginInfo.js' -> '/Library/WebServer/Documents/jdWX/ftml-www/js/wetbizsdk/modal/modLoginInfo.js'
2015-07-17 12:04:24: 新建复制 '/Library/WebServer/Documents/WetBizSDK_JS/sdk/modal/modMessage.js' -> '/Library/WebServer/Documents/jdWX/ftml-www/js/wetbizsdk/modal/modMessage.js'
2015-07-17 12:04:24: 新建复制 '/Library/WebServer/Documents/WetBizSDK_JS/sdk/modal/modOrder.js' -> '/Library/WebServer/Documents/jdWX/ftml-www/js/wetbizsdk/modal/modOrder.js'
2015-07-17 12:04:24: 新建复制 '/Library/WebServer/Documents/WetBizSDK_JS/sdk/modal/modPayAttach.js' -> '/Library/WebServer/Documents/jdWX/ftml-www/js/wetbizsdk/modal/modPayAttach.js'
2015-07-17 12:04:24: 新建复制 '/Library/WebServer/Documents/WetBizSDK_JS/sdk/modal/modPayPort.js' -> '/Library/WebServer/Documents/jdWX/ftml-www/js/wetbizsdk/modal/modPayPort.js'
2015-07-17 12:04:24: 新建复制 '/Library/WebServer/Documents/WetBizSDK_JS/sdk/modal/modPWDChange.js' -> '/Library/WebServer/Documents/jdWX/ftml-www/js/wetbizsdk/modal/modPWDChange.js'
2015-07-17 12:04:24: 新建复制 '/Library/WebServer/Documents/WetBizSDK_JS/sdk/modal/modQuoted.js' -> '/Library/WebServer/Documents/jdWX/ftml-www/js/wetbizsdk/modal/modQuoted.js'
2015-07-17 12:04:24: 新建复制 '/Library/WebServer/Documents/WetBizSDK_JS/sdk/modal/modSpotDeliveryBill.js' -> '/Library/WebServer/Documents/jdWX/ftml-www/js/wetbizsdk/modal/modSpotDeliveryBill.js'
2015-07-17 12:04:24: 新建复制 '/Library/WebServer/Documents/WetBizSDK_JS/sdk/modal/modStockPrice.js' -> '/Library/WebServer/Documents/jdWX/ftml-www/js/wetbizsdk/modal/modStockPrice.js'
2015-07-17 12:04:24: 新建复制 '/Library/WebServer/Documents/WetBizSDK_JS/sdk/modal/modSymbol.js' -> '/Library/WebServer/Documents/jdWX/ftml-www/js/wetbizsdk/modal/modSymbol.js'
2015-07-17 12:04:24: 新建复制 '/Library/WebServer/Documents/WetBizSDK_JS/sdk/modal/modUserAccount.js' -> '/Library/WebServer/Documents/jdWX/ftml-www/js/wetbizsdk/modal/modUserAccount.js'
2015-07-17 12:04:24: 新建复制 '/Library/WebServer/Documents/WetBizSDK_JS/sdk/sdkDefine.js' -> '/Library/WebServer/Documents/jdWX/ftml-www/js/wetbizsdk/sdkDefine.js'
2015-07-17 12:04:24: 新建复制 '/Library/WebServer/Documents/WetBizSDK_JS/sdk/uiFunction.js' -> '/Library/WebServer/Documents/jdWX/ftml-www/js/wetbizsdk/uiFunction.js'
2015-07-17 12:04:24: 新建复制 '/Library/WebServer/Documents/WetBizSDK_JS/sdk/websocket/websocket.js' -> '/Library/WebServer/Documents/jdWX/ftml-www/js/wetbizsdk/websocket/websocket.js'
2015-07-17 12:04:24: 新建复制 '/Library/WebServer/Documents/WetBizSDK_JS/sdk/wetbizsdk.js' -> '/Library/WebServer/Documents/jdWX/ftml-www/js/wetbizsdk/wetbizsdk.js'
2015-07-17 12:04:24: ===== ：同步完毕。时间：00:00:00，速度： 0.0/s =====, 项目同步未必： 44，错误： 0
2015-07-17 12:04:24: 
